Flow report for Tst_i2c_Avalon
Sun Jan 08 22:53:34 2012
Quartus II 64-Bit Version 11.0 Build 208 07/03/2011 Service Pack 1 SJ Full Version


---------------------
; Table of Contents ;
---------------------
  1. Legal Notice
  2. Flow Summary
  3. Flow Settings
  4. Flow Non-Default Global Settings
  5. Flow Elapsed Time
  6. Flow OS Summary
  7. Flow Log



----------------
; Legal Notice ;
----------------
Copyright (C) 1991-2011 Altera Corporation
Your use of Altera Corporation's design tools, logic functions 
and other software and tools, and its AMPP partner logic 
functions, and any output files from any of the foregoing 
(including device programming or simulation files), and any 
associated documentation or information are expressly subject 
to the terms and conditions of the Altera Program License 
Subscription Agreement, Altera MegaCore Function License 
Agreement, or other applicable license agreement, including, 
without limitation, that your use is for the sole purpose of 
programming logic devices manufactured by Altera and sold by 
Altera or its authorized distributors.  Please refer to the 
applicable agreement for further details.



+-------------------------------------------------------------------------------------+
; Flow Summary                                                                        ;
+------------------------------------+------------------------------------------------+
; Flow Status                        ; Successful - Sun Jan 08 22:53:34 2012          ;
; Quartus II 64-Bit Version          ; 11.0 Build 208 07/03/2011 SP 1 SJ Full Version ;
; Revision Name                      ; Tst_i2c_Avalon                                 ;
; Top-level Entity Name              ; i2c_interface                                  ;
; Family                             ; Cyclone II                                     ;
; Device                             ; EP2C20F484C6                                   ;
; Timing Models                      ; Final                                          ;
; Total logic elements               ; 141 / 18,752 ( < 1 % )                         ;
;     Total combinational functions  ; 116 / 18,752 ( < 1 % )                         ;
;     Dedicated logic registers      ; 100 / 18,752 ( < 1 % )                         ;
; Total registers                    ; 100                                            ;
; Total pins                         ; 26 / 315 ( 8 % )                               ;
; Total virtual pins                 ; 0                                              ;
; Total memory bits                  ; 0 / 239,616 ( 0 % )                            ;
; Embedded Multiplier 9-bit elements ; 0 / 52 ( 0 % )                                 ;
; Total PLLs                         ; 0 / 4 ( 0 % )                                  ;
+------------------------------------+------------------------------------------------+


+-----------------------------------------+
; Flow Settings                           ;
+-------------------+---------------------+
; Option            ; Setting             ;
+-------------------+---------------------+
; Start date & time ; 01/08/2012 22:52:25 ;
; Main task         ; Compilation         ;
; Revision Name     ; Tst_i2c_Avalon      ;
+-------------------+---------------------+


+-----------------------------------------------------------------------------------------------------------------------+
; Flow Non-Default Global Settings                                                                                      ;
+-------------------------------------+-------------------------------+----------------+---------------+----------------+
; Assignment Name                     ; Value                         ; Default Value  ; Entity Name   ; Section Id     ;
+-------------------------------------+-------------------------------+----------------+---------------+----------------+
; COMPILER_SIGNATURE_ID               ; 1098036849315.132605954010332 ; --             ; --            ; --             ;
; EDA_OUTPUT_DATA_FORMAT              ; Vhdl                          ; --             ; --            ; eda_simulation ;
; EDA_SIMULATION_TOOL                 ; ModelSim-Altera (VHDL)        ; <None>         ; --            ; --             ;
; MAX_CORE_JUNCTION_TEMP              ; 85                            ; --             ; --            ; --             ;
; MIN_CORE_JUNCTION_TEMP              ; 0                             ; --             ; --            ; --             ;
; PARTITION_COLOR                     ; 16764057                      ; --             ; i2c_interface ; Top            ;
; PARTITION_FITTER_PRESERVATION_LEVEL ; PLACEMENT_AND_ROUTING         ; --             ; i2c_interface ; Top            ;
; PARTITION_NETLIST_TYPE              ; SOURCE                        ; --             ; i2c_interface ; Top            ;
; TOP_LEVEL_ENTITY                    ; i2c_interface                 ; Tst_i2c_Avalon ; --            ; --             ;
+-------------------------------------+-------------------------------+----------------+---------------+----------------+


+-------------------------------------------------------------------------------------------------------------------------------+
; Flow Elapsed Time                                                                                                             ;
+---------------------------+--------------+-------------------------+---------------------+------------------------------------+
; Module Name               ; Elapsed Time ; Average Processors Used ; Peak Virtual Memory ; Total CPU Time (on all processors) ;
+---------------------------+--------------+-------------------------+---------------------+------------------------------------+
; Analysis & Synthesis      ; 00:00:22     ; 1.0                     ; 388 MB              ; 00:00:02                           ;
; Fitter                    ; 00:00:24     ; 1.0                     ; 488 MB              ; 00:00:05                           ;
; Assembler                 ; 00:00:20     ; 1.0                     ; 349 MB              ; 00:00:02                           ;
; TimeQuest Timing Analyzer ; 00:00:20     ; 1.0                     ; 375 MB              ; 00:00:02                           ;
; EDA Netlist Writer        ; 00:00:19     ; 1.0                     ; 291 MB              ; 00:00:01                           ;
; Total                     ; 00:01:45     ; --                      ; --                  ; 00:00:12                           ;
+---------------------------+--------------+-------------------------+---------------------+------------------------------------+


+----------------------------------------------------------------------------------------+
; Flow OS Summary                                                                        ;
+---------------------------+------------------+-----------+------------+----------------+
; Module Name               ; Machine Hostname ; OS Name   ; OS Version ; Processor type ;
+---------------------------+------------------+-----------+------------+----------------+
; Analysis & Synthesis      ; Colibri          ; Windows 7 ; 6.1        ; x86_64         ;
; Fitter                    ; Colibri          ; Windows 7 ; 6.1        ; x86_64         ;
; Assembler                 ; Colibri          ; Windows 7 ; 6.1        ; x86_64         ;
; TimeQuest Timing Analyzer ; Colibri          ; Windows 7 ; 6.1        ; x86_64         ;
; EDA Netlist Writer        ; Colibri          ; Windows 7 ; 6.1        ; x86_64         ;
+---------------------------+------------------+-----------+------------+----------------+


------------
; Flow Log ;
------------
quartus_map --read_settings_files=on --write_settings_files=off Tst_i2c_Avalon -c Tst_i2c_Avalon
quartus_fit --read_settings_files=off --write_settings_files=off Tst_i2c_Avalon -c Tst_i2c_Avalon
quartus_asm --read_settings_files=off --write_settings_files=off Tst_i2c_Avalon -c Tst_i2c_Avalon
quartus_sta Tst_i2c_Avalon -c Tst_i2c_Avalon
quartus_eda --read_settings_files=off --write_settings_files=off Tst_i2c_Avalon -c Tst_i2c_Avalon



